<?xml version="1.0" encoding="UTF-8"?>
<testsuites tests="54" failures="30" disabled="0" errors="0" timestamp="2019-02-24T23:56:27" time="16.737" cv_module_name="objdetect" cv_implementation="plain" cv_num_threads="-1" cv_version="4.0.1-dev" cv_version_build="4.0.1-dev" cv_vcs_version="4.0.1-248-g8bde6ae-dirty" cv_build_type="Release" cv_build_type_build="Release" cv_compiler="/home/reshabh/llvm-toolchain-8_8~svn353031/build-llvm/bin/clang++" cv_parallel_framework="pthreads" cv_cpu_features="SSE SSE2 SSE3 *SSE4.1 *SSE4.2 *FP16 *AVX *AVX2 *AVX512-SKX?" name="AllTests">
  <testsuite name="Perf_Objdetect_QRCode" tests="30" failures="30" disabled="0" errors="0" time="0.001">
    <testcase name="detect/0" value_param="&quot;version_1_down.jpg&quot;" status="run" time="0" classname="Perf_Objdetect_QRCode">
      <failure message="/home/reshabh/OPENCV/opencv/modules/ts/src/ts_perf.cpp:2012&#x0A;Failed&#x0A;Expected: PerfTestBody() doesn&apos;t throw an exception.&#x0A;  Actual: it throws cv::Exception:&#x0A;  OpenCV(4.0.1-dev) /home/reshabh/OPENCV/opencv/modules/ts/src/ts.cpp:877: error: (-2:Unspecified error) OpenCV tests: Can&apos;t find required data file: cv/qrcode/version_1_down.jpg in function &apos;findData&apos;&#x0A;" type=""><![CDATA[/home/reshabh/OPENCV/opencv/modules/ts/src/ts_perf.cpp:2012
Failed
Expected: PerfTestBody() doesn't throw an exception.
  Actual: it throws cv::Exception:
  OpenCV(4.0.1-dev) /home/reshabh/OPENCV/opencv/modules/ts/src/ts.cpp:877: error: (-2:Unspecified error) OpenCV tests: Can't find required data file: cv/qrcode/version_1_down.jpg in function 'findData'
]]></failure>
    </testcase>
    <testcase name="detect/1" value_param="&quot;version_1_left.jpg&quot;" status="run" time="0" classname="Perf_Objdetect_QRCode">
      <failure message="/home/reshabh/OPENCV/opencv/modules/ts/src/ts_perf.cpp:2012&#x0A;Failed&#x0A;Expected: PerfTestBody() doesn&apos;t throw an exception.&#x0A;  Actual: it throws cv::Exception:&#x0A;  OpenCV(4.0.1-dev) /home/reshabh/OPENCV/opencv/modules/ts/src/ts.cpp:877: error: (-2:Unspecified error) OpenCV tests: Can&apos;t find required data file: cv/qrcode/version_1_left.jpg in function &apos;findData&apos;&#x0A;" type=""><![CDATA[/home/reshabh/OPENCV/opencv/modules/ts/src/ts_perf.cpp:2012
Failed
Expected: PerfTestBody() doesn't throw an exception.
  Actual: it throws cv::Exception:
  OpenCV(4.0.1-dev) /home/reshabh/OPENCV/opencv/modules/ts/src/ts.cpp:877: error: (-2:Unspecified error) OpenCV tests: Can't find required data file: cv/qrcode/version_1_left.jpg in function 'findData'
]]></failure>
    </testcase>
    <testcase name="detect/2" value_param="&quot;version_1_right.jpg&quot;" status="run" time="0" classname="Perf_Objdetect_QRCode">
      <failure message="/home/reshabh/OPENCV/opencv/modules/ts/src/ts_perf.cpp:2012&#x0A;Failed&#x0A;Expected: PerfTestBody() doesn&apos;t throw an exception.&#x0A;  Actual: it throws cv::Exception:&#x0A;  OpenCV(4.0.1-dev) /home/reshabh/OPENCV/opencv/modules/ts/src/ts.cpp:877: error: (-2:Unspecified error) OpenCV tests: Can&apos;t find required data file: cv/qrcode/version_1_right.jpg in function &apos;findData&apos;&#x0A;" type=""><![CDATA[/home/reshabh/OPENCV/opencv/modules/ts/src/ts_perf.cpp:2012
Failed
Expected: PerfTestBody() doesn't throw an exception.
  Actual: it throws cv::Exception:
  OpenCV(4.0.1-dev) /home/reshabh/OPENCV/opencv/modules/ts/src/ts.cpp:877: error: (-2:Unspecified error) OpenCV tests: Can't find required data file: cv/qrcode/version_1_right.jpg in function 'findData'
]]></failure>
    </testcase>
    <testcase name="detect/3" value_param="&quot;version_1_up.jpg&quot;" status="run" time="0" classname="Perf_Objdetect_QRCode">
      <failure message="/home/reshabh/OPENCV/opencv/modules/ts/src/ts_perf.cpp:2012&#x0A;Failed&#x0A;Expected: PerfTestBody() doesn&apos;t throw an exception.&#x0A;  Actual: it throws cv::Exception:&#x0A;  OpenCV(4.0.1-dev) /home/reshabh/OPENCV/opencv/modules/ts/src/ts.cpp:877: error: (-2:Unspecified error) OpenCV tests: Can&apos;t find required data file: cv/qrcode/version_1_up.jpg in function &apos;findData&apos;&#x0A;" type=""><![CDATA[/home/reshabh/OPENCV/opencv/modules/ts/src/ts_perf.cpp:2012
Failed
Expected: PerfTestBody() doesn't throw an exception.
  Actual: it throws cv::Exception:
  OpenCV(4.0.1-dev) /home/reshabh/OPENCV/opencv/modules/ts/src/ts.cpp:877: error: (-2:Unspecified error) OpenCV tests: Can't find required data file: cv/qrcode/version_1_up.jpg in function 'findData'
]]></failure>
    </testcase>
    <testcase name="detect/4" value_param="&quot;version_1_top.jpg&quot;" status="run" time="0" classname="Perf_Objdetect_QRCode">
      <failure message="/home/reshabh/OPENCV/opencv/modules/ts/src/ts_perf.cpp:2012&#x0A;Failed&#x0A;Expected: PerfTestBody() doesn&apos;t throw an exception.&#x0A;  Actual: it throws cv::Exception:&#x0A;  OpenCV(4.0.1-dev) /home/reshabh/OPENCV/opencv/modules/ts/src/ts.cpp:877: error: (-2:Unspecified error) OpenCV tests: Can&apos;t find required data file: cv/qrcode/version_1_top.jpg in function &apos;findData&apos;&#x0A;" type=""><![CDATA[/home/reshabh/OPENCV/opencv/modules/ts/src/ts_perf.cpp:2012
Failed
Expected: PerfTestBody() doesn't throw an exception.
  Actual: it throws cv::Exception:
  OpenCV(4.0.1-dev) /home/reshabh/OPENCV/opencv/modules/ts/src/ts.cpp:877: error: (-2:Unspecified error) OpenCV tests: Can't find required data file: cv/qrcode/version_1_top.jpg in function 'findData'
]]></failure>
    </testcase>
    <testcase name="detect/5" value_param="&quot;version_5_down.jpg&quot;" status="run" time="0" classname="Perf_Objdetect_QRCode">
      <failure message="/home/reshabh/OPENCV/opencv/modules/ts/src/ts_perf.cpp:2012&#x0A;Failed&#x0A;Expected: PerfTestBody() doesn&apos;t throw an exception.&#x0A;  Actual: it throws cv::Exception:&#x0A;  OpenCV(4.0.1-dev) /home/reshabh/OPENCV/opencv/modules/ts/src/ts.cpp:877: error: (-2:Unspecified error) OpenCV tests: Can&apos;t find required data file: cv/qrcode/version_5_down.jpg in function &apos;findData&apos;&#x0A;" type=""><![CDATA[/home/reshabh/OPENCV/opencv/modules/ts/src/ts_perf.cpp:2012
Failed
Expected: PerfTestBody() doesn't throw an exception.
  Actual: it throws cv::Exception:
  OpenCV(4.0.1-dev) /home/reshabh/OPENCV/opencv/modules/ts/src/ts.cpp:877: error: (-2:Unspecified error) OpenCV tests: Can't find required data file: cv/qrcode/version_5_down.jpg in function 'findData'
]]></failure>
    </testcase>
    <testcase name="detect/6" value_param="&quot;version_5_left.jpg&quot;" status="run" time="0" classname="Perf_Objdetect_QRCode">
      <failure message="/home/reshabh/OPENCV/opencv/modules/ts/src/ts_perf.cpp:2012&#x0A;Failed&#x0A;Expected: PerfTestBody() doesn&apos;t throw an exception.&#x0A;  Actual: it throws cv::Exception:&#x0A;  OpenCV(4.0.1-dev) /home/reshabh/OPENCV/opencv/modules/ts/src/ts.cpp:877: error: (-2:Unspecified error) OpenCV tests: Can&apos;t find required data file: cv/qrcode/version_5_left.jpg in function &apos;findData&apos;&#x0A;" type=""><![CDATA[/home/reshabh/OPENCV/opencv/modules/ts/src/ts_perf.cpp:2012
Failed
Expected: PerfTestBody() doesn't throw an exception.
  Actual: it throws cv::Exception:
  OpenCV(4.0.1-dev) /home/reshabh/OPENCV/opencv/modules/ts/src/ts.cpp:877: error: (-2:Unspecified error) OpenCV tests: Can't find required data file: cv/qrcode/version_5_left.jpg in function 'findData'
]]></failure>
    </testcase>
    <testcase name="detect/7" value_param="&quot;version_5_right.jpg&quot;" status="run" time="0" classname="Perf_Objdetect_QRCode">
      <failure message="/home/reshabh/OPENCV/opencv/modules/ts/src/ts_perf.cpp:2012&#x0A;Failed&#x0A;Expected: PerfTestBody() doesn&apos;t throw an exception.&#x0A;  Actual: it throws cv::Exception:&#x0A;  OpenCV(4.0.1-dev) /home/reshabh/OPENCV/opencv/modules/ts/src/ts.cpp:877: error: (-2:Unspecified error) OpenCV tests: Can&apos;t find required data file: cv/qrcode/version_5_right.jpg in function &apos;findData&apos;&#x0A;" type=""><![CDATA[/home/reshabh/OPENCV/opencv/modules/ts/src/ts_perf.cpp:2012
Failed
Expected: PerfTestBody() doesn't throw an exception.
  Actual: it throws cv::Exception:
  OpenCV(4.0.1-dev) /home/reshabh/OPENCV/opencv/modules/ts/src/ts.cpp:877: error: (-2:Unspecified error) OpenCV tests: Can't find required data file: cv/qrcode/version_5_right.jpg in function 'findData'
]]></failure>
    </testcase>
    <testcase name="detect/8" value_param="&quot;version_5_up.jpg&quot;" status="run" time="0" classname="Perf_Objdetect_QRCode">
      <failure message="/home/reshabh/OPENCV/opencv/modules/ts/src/ts_perf.cpp:2012&#x0A;Failed&#x0A;Expected: PerfTestBody() doesn&apos;t throw an exception.&#x0A;  Actual: it throws cv::Exception:&#x0A;  OpenCV(4.0.1-dev) /home/reshabh/OPENCV/opencv/modules/ts/src/ts.cpp:877: error: (-2:Unspecified error) OpenCV tests: Can&apos;t find required data file: cv/qrcode/version_5_up.jpg in function &apos;findData&apos;&#x0A;" type=""><![CDATA[/home/reshabh/OPENCV/opencv/modules/ts/src/ts_perf.cpp:2012
Failed
Expected: PerfTestBody() doesn't throw an exception.
  Actual: it throws cv::Exception:
  OpenCV(4.0.1-dev) /home/reshabh/OPENCV/opencv/modules/ts/src/ts.cpp:877: error: (-2:Unspecified error) OpenCV tests: Can't find required data file: cv/qrcode/version_5_up.jpg in function 'findData'
]]></failure>
    </testcase>
    <testcase name="detect/9" value_param="&quot;version_5_top.jpg&quot;" status="run" time="0" classname="Perf_Objdetect_QRCode">
      <failure message="/home/reshabh/OPENCV/opencv/modules/ts/src/ts_perf.cpp:2012&#x0A;Failed&#x0A;Expected: PerfTestBody() doesn&apos;t throw an exception.&#x0A;  Actual: it throws cv::Exception:&#x0A;  OpenCV(4.0.1-dev) /home/reshabh/OPENCV/opencv/modules/ts/src/ts.cpp:877: error: (-2:Unspecified error) OpenCV tests: Can&apos;t find required data file: cv/qrcode/version_5_top.jpg in function &apos;findData&apos;&#x0A;" type=""><![CDATA[/home/reshabh/OPENCV/opencv/modules/ts/src/ts_perf.cpp:2012
Failed
Expected: PerfTestBody() doesn't throw an exception.
  Actual: it throws cv::Exception:
  OpenCV(4.0.1-dev) /home/reshabh/OPENCV/opencv/modules/ts/src/ts.cpp:877: error: (-2:Unspecified error) OpenCV tests: Can't find required data file: cv/qrcode/version_5_top.jpg in function 'findData'
]]></failure>
    </testcase>
    <testcase name="detect/10" value_param="&quot;russian.jpg&quot;" status="run" time="0" classname="Perf_Objdetect_QRCode">
      <failure message="/home/reshabh/OPENCV/opencv/modules/ts/src/ts_perf.cpp:2012&#x0A;Failed&#x0A;Expected: PerfTestBody() doesn&apos;t throw an exception.&#x0A;  Actual: it throws cv::Exception:&#x0A;  OpenCV(4.0.1-dev) /home/reshabh/OPENCV/opencv/modules/ts/src/ts.cpp:877: error: (-2:Unspecified error) OpenCV tests: Can&apos;t find required data file: cv/qrcode/russian.jpg in function &apos;findData&apos;&#x0A;" type=""><![CDATA[/home/reshabh/OPENCV/opencv/modules/ts/src/ts_perf.cpp:2012
Failed
Expected: PerfTestBody() doesn't throw an exception.
  Actual: it throws cv::Exception:
  OpenCV(4.0.1-dev) /home/reshabh/OPENCV/opencv/modules/ts/src/ts.cpp:877: error: (-2:Unspecified error) OpenCV tests: Can't find required data file: cv/qrcode/russian.jpg in function 'findData'
]]></failure>
    </testcase>
    <testcase name="detect/11" value_param="&quot;kanji.jpg&quot;" status="run" time="0" classname="Perf_Objdetect_QRCode">
      <failure message="/home/reshabh/OPENCV/opencv/modules/ts/src/ts_perf.cpp:2012&#x0A;Failed&#x0A;Expected: PerfTestBody() doesn&apos;t throw an exception.&#x0A;  Actual: it throws cv::Exception:&#x0A;  OpenCV(4.0.1-dev) /home/reshabh/OPENCV/opencv/modules/ts/src/ts.cpp:877: error: (-2:Unspecified error) OpenCV tests: Can&apos;t find required data file: cv/qrcode/kanji.jpg in function &apos;findData&apos;&#x0A;" type=""><![CDATA[/home/reshabh/OPENCV/opencv/modules/ts/src/ts_perf.cpp:2012
Failed
Expected: PerfTestBody() doesn't throw an exception.
  Actual: it throws cv::Exception:
  OpenCV(4.0.1-dev) /home/reshabh/OPENCV/opencv/modules/ts/src/ts.cpp:877: error: (-2:Unspecified error) OpenCV tests: Can't find required data file: cv/qrcode/kanji.jpg in function 'findData'
]]></failure>
    </testcase>
    <testcase name="detect/12" value_param="&quot;link_github_ocv.jpg&quot;" status="run" time="0" classname="Perf_Objdetect_QRCode">
      <failure message="/home/reshabh/OPENCV/opencv/modules/ts/src/ts_perf.cpp:2012&#x0A;Failed&#x0A;Expected: PerfTestBody() doesn&apos;t throw an exception.&#x0A;  Actual: it throws cv::Exception:&#x0A;  OpenCV(4.0.1-dev) /home/reshabh/OPENCV/opencv/modules/ts/src/ts.cpp:877: error: (-2:Unspecified error) OpenCV tests: Can&apos;t find required data file: cv/qrcode/link_github_ocv.jpg in function &apos;findData&apos;&#x0A;" type=""><![CDATA[/home/reshabh/OPENCV/opencv/modules/ts/src/ts_perf.cpp:2012
Failed
Expected: PerfTestBody() doesn't throw an exception.
  Actual: it throws cv::Exception:
  OpenCV(4.0.1-dev) /home/reshabh/OPENCV/opencv/modules/ts/src/ts.cpp:877: error: (-2:Unspecified error) OpenCV tests: Can't find required data file: cv/qrcode/link_github_ocv.jpg in function 'findData'
]]></failure>
    </testcase>
    <testcase name="detect/13" value_param="&quot;link_ocv.jpg&quot;" status="run" time="0" classname="Perf_Objdetect_QRCode">
      <failure message="/home/reshabh/OPENCV/opencv/modules/ts/src/ts_perf.cpp:2012&#x0A;Failed&#x0A;Expected: PerfTestBody() doesn&apos;t throw an exception.&#x0A;  Actual: it throws cv::Exception:&#x0A;  OpenCV(4.0.1-dev) /home/reshabh/OPENCV/opencv/modules/ts/src/ts.cpp:877: error: (-2:Unspecified error) OpenCV tests: Can&apos;t find required data file: cv/qrcode/link_ocv.jpg in function &apos;findData&apos;&#x0A;" type=""><![CDATA[/home/reshabh/OPENCV/opencv/modules/ts/src/ts_perf.cpp:2012
Failed
Expected: PerfTestBody() doesn't throw an exception.
  Actual: it throws cv::Exception:
  OpenCV(4.0.1-dev) /home/reshabh/OPENCV/opencv/modules/ts/src/ts.cpp:877: error: (-2:Unspecified error) OpenCV tests: Can't find required data file: cv/qrcode/link_ocv.jpg in function 'findData'
]]></failure>
    </testcase>
    <testcase name="detect/14" value_param="&quot;link_wiki_cv.jpg&quot;" status="run" time="0" classname="Perf_Objdetect_QRCode">
      <failure message="/home/reshabh/OPENCV/opencv/modules/ts/src/ts_perf.cpp:2012&#x0A;Failed&#x0A;Expected: PerfTestBody() doesn&apos;t throw an exception.&#x0A;  Actual: it throws cv::Exception:&#x0A;  OpenCV(4.0.1-dev) /home/reshabh/OPENCV/opencv/modules/ts/src/ts.cpp:877: error: (-2:Unspecified error) OpenCV tests: Can&apos;t find required data file: cv/qrcode/link_wiki_cv.jpg in function &apos;findData&apos;&#x0A;" type=""><![CDATA[/home/reshabh/OPENCV/opencv/modules/ts/src/ts_perf.cpp:2012
Failed
Expected: PerfTestBody() doesn't throw an exception.
  Actual: it throws cv::Exception:
  OpenCV(4.0.1-dev) /home/reshabh/OPENCV/opencv/modules/ts/src/ts.cpp:877: error: (-2:Unspecified error) OpenCV tests: Can't find required data file: cv/qrcode/link_wiki_cv.jpg in function 'findData'
]]></failure>
    </testcase>
    <testcase name="decode/0" value_param="&quot;version_1_down.jpg&quot;" status="run" time="0.001" classname="Perf_Objdetect_QRCode">
      <failure message="/home/reshabh/OPENCV/opencv/modules/ts/src/ts_perf.cpp:2012&#x0A;Failed&#x0A;Expected: PerfTestBody() doesn&apos;t throw an exception.&#x0A;  Actual: it throws cv::Exception:&#x0A;  OpenCV(4.0.1-dev) /home/reshabh/OPENCV/opencv/modules/ts/src/ts.cpp:877: error: (-2:Unspecified error) OpenCV tests: Can&apos;t find required data file: cv/qrcode/version_1_down.jpg in function &apos;findData&apos;&#x0A;" type=""><![CDATA[/home/reshabh/OPENCV/opencv/modules/ts/src/ts_perf.cpp:2012
Failed
Expected: PerfTestBody() doesn't throw an exception.
  Actual: it throws cv::Exception:
  OpenCV(4.0.1-dev) /home/reshabh/OPENCV/opencv/modules/ts/src/ts.cpp:877: error: (-2:Unspecified error) OpenCV tests: Can't find required data file: cv/qrcode/version_1_down.jpg in function 'findData'
]]></failure>
    </testcase>
    <testcase name="decode/1" value_param="&quot;version_1_left.jpg&quot;" status="run" time="0" classname="Perf_Objdetect_QRCode">
      <failure message="/home/reshabh/OPENCV/opencv/modules/ts/src/ts_perf.cpp:2012&#x0A;Failed&#x0A;Expected: PerfTestBody() doesn&apos;t throw an exception.&#x0A;  Actual: it throws cv::Exception:&#x0A;  OpenCV(4.0.1-dev) /home/reshabh/OPENCV/opencv/modules/ts/src/ts.cpp:877: error: (-2:Unspecified error) OpenCV tests: Can&apos;t find required data file: cv/qrcode/version_1_left.jpg in function &apos;findData&apos;&#x0A;" type=""><![CDATA[/home/reshabh/OPENCV/opencv/modules/ts/src/ts_perf.cpp:2012
Failed
Expected: PerfTestBody() doesn't throw an exception.
  Actual: it throws cv::Exception:
  OpenCV(4.0.1-dev) /home/reshabh/OPENCV/opencv/modules/ts/src/ts.cpp:877: error: (-2:Unspecified error) OpenCV tests: Can't find required data file: cv/qrcode/version_1_left.jpg in function 'findData'
]]></failure>
    </testcase>
    <testcase name="decode/2" value_param="&quot;version_1_right.jpg&quot;" status="run" time="0" classname="Perf_Objdetect_QRCode">
      <failure message="/home/reshabh/OPENCV/opencv/modules/ts/src/ts_perf.cpp:2012&#x0A;Failed&#x0A;Expected: PerfTestBody() doesn&apos;t throw an exception.&#x0A;  Actual: it throws cv::Exception:&#x0A;  OpenCV(4.0.1-dev) /home/reshabh/OPENCV/opencv/modules/ts/src/ts.cpp:877: error: (-2:Unspecified error) OpenCV tests: Can&apos;t find required data file: cv/qrcode/version_1_right.jpg in function &apos;findData&apos;&#x0A;" type=""><![CDATA[/home/reshabh/OPENCV/opencv/modules/ts/src/ts_perf.cpp:2012
Failed
Expected: PerfTestBody() doesn't throw an exception.
  Actual: it throws cv::Exception:
  OpenCV(4.0.1-dev) /home/reshabh/OPENCV/opencv/modules/ts/src/ts.cpp:877: error: (-2:Unspecified error) OpenCV tests: Can't find required data file: cv/qrcode/version_1_right.jpg in function 'findData'
]]></failure>
    </testcase>
    <testcase name="decode/3" value_param="&quot;version_1_up.jpg&quot;" status="run" time="0" classname="Perf_Objdetect_QRCode">
      <failure message="/home/reshabh/OPENCV/opencv/modules/ts/src/ts_perf.cpp:2012&#x0A;Failed&#x0A;Expected: PerfTestBody() doesn&apos;t throw an exception.&#x0A;  Actual: it throws cv::Exception:&#x0A;  OpenCV(4.0.1-dev) /home/reshabh/OPENCV/opencv/modules/ts/src/ts.cpp:877: error: (-2:Unspecified error) OpenCV tests: Can&apos;t find required data file: cv/qrcode/version_1_up.jpg in function &apos;findData&apos;&#x0A;" type=""><![CDATA[/home/reshabh/OPENCV/opencv/modules/ts/src/ts_perf.cpp:2012
Failed
Expected: PerfTestBody() doesn't throw an exception.
  Actual: it throws cv::Exception:
  OpenCV(4.0.1-dev) /home/reshabh/OPENCV/opencv/modules/ts/src/ts.cpp:877: error: (-2:Unspecified error) OpenCV tests: Can't find required data file: cv/qrcode/version_1_up.jpg in function 'findData'
]]></failure>
    </testcase>
    <testcase name="decode/4" value_param="&quot;version_1_top.jpg&quot;" status="run" time="0" classname="Perf_Objdetect_QRCode">
      <failure message="/home/reshabh/OPENCV/opencv/modules/ts/src/ts_perf.cpp:2012&#x0A;Failed&#x0A;Expected: PerfTestBody() doesn&apos;t throw an exception.&#x0A;  Actual: it throws cv::Exception:&#x0A;  OpenCV(4.0.1-dev) /home/reshabh/OPENCV/opencv/modules/ts/src/ts.cpp:877: error: (-2:Unspecified error) OpenCV tests: Can&apos;t find required data file: cv/qrcode/version_1_top.jpg in function &apos;findData&apos;&#x0A;" type=""><![CDATA[/home/reshabh/OPENCV/opencv/modules/ts/src/ts_perf.cpp:2012
Failed
Expected: PerfTestBody() doesn't throw an exception.
  Actual: it throws cv::Exception:
  OpenCV(4.0.1-dev) /home/reshabh/OPENCV/opencv/modules/ts/src/ts.cpp:877: error: (-2:Unspecified error) OpenCV tests: Can't find required data file: cv/qrcode/version_1_top.jpg in function 'findData'
]]></failure>
    </testcase>
    <testcase name="decode/5" value_param="&quot;version_5_down.jpg&quot;" status="run" time="0" classname="Perf_Objdetect_QRCode">
      <failure message="/home/reshabh/OPENCV/opencv/modules/ts/src/ts_perf.cpp:2012&#x0A;Failed&#x0A;Expected: PerfTestBody() doesn&apos;t throw an exception.&#x0A;  Actual: it throws cv::Exception:&#x0A;  OpenCV(4.0.1-dev) /home/reshabh/OPENCV/opencv/modules/ts/src/ts.cpp:877: error: (-2:Unspecified error) OpenCV tests: Can&apos;t find required data file: cv/qrcode/version_5_down.jpg in function &apos;findData&apos;&#x0A;" type=""><![CDATA[/home/reshabh/OPENCV/opencv/modules/ts/src/ts_perf.cpp:2012
Failed
Expected: PerfTestBody() doesn't throw an exception.
  Actual: it throws cv::Exception:
  OpenCV(4.0.1-dev) /home/reshabh/OPENCV/opencv/modules/ts/src/ts.cpp:877: error: (-2:Unspecified error) OpenCV tests: Can't find required data file: cv/qrcode/version_5_down.jpg in function 'findData'
]]></failure>
    </testcase>
    <testcase name="decode/6" value_param="&quot;version_5_left.jpg&quot;" status="run" time="0" classname="Perf_Objdetect_QRCode">
      <failure message="/home/reshabh/OPENCV/opencv/modules/ts/src/ts_perf.cpp:2012&#x0A;Failed&#x0A;Expected: PerfTestBody() doesn&apos;t throw an exception.&#x0A;  Actual: it throws cv::Exception:&#x0A;  OpenCV(4.0.1-dev) /home/reshabh/OPENCV/opencv/modules/ts/src/ts.cpp:877: error: (-2:Unspecified error) OpenCV tests: Can&apos;t find required data file: cv/qrcode/version_5_left.jpg in function &apos;findData&apos;&#x0A;" type=""><![CDATA[/home/reshabh/OPENCV/opencv/modules/ts/src/ts_perf.cpp:2012
Failed
Expected: PerfTestBody() doesn't throw an exception.
  Actual: it throws cv::Exception:
  OpenCV(4.0.1-dev) /home/reshabh/OPENCV/opencv/modules/ts/src/ts.cpp:877: error: (-2:Unspecified error) OpenCV tests: Can't find required data file: cv/qrcode/version_5_left.jpg in function 'findData'
]]></failure>
    </testcase>
    <testcase name="decode/7" value_param="&quot;version_5_right.jpg&quot;" status="run" time="0" classname="Perf_Objdetect_QRCode">
      <failure message="/home/reshabh/OPENCV/opencv/modules/ts/src/ts_perf.cpp:2012&#x0A;Failed&#x0A;Expected: PerfTestBody() doesn&apos;t throw an exception.&#x0A;  Actual: it throws cv::Exception:&#x0A;  OpenCV(4.0.1-dev) /home/reshabh/OPENCV/opencv/modules/ts/src/ts.cpp:877: error: (-2:Unspecified error) OpenCV tests: Can&apos;t find required data file: cv/qrcode/version_5_right.jpg in function &apos;findData&apos;&#x0A;" type=""><![CDATA[/home/reshabh/OPENCV/opencv/modules/ts/src/ts_perf.cpp:2012
Failed
Expected: PerfTestBody() doesn't throw an exception.
  Actual: it throws cv::Exception:
  OpenCV(4.0.1-dev) /home/reshabh/OPENCV/opencv/modules/ts/src/ts.cpp:877: error: (-2:Unspecified error) OpenCV tests: Can't find required data file: cv/qrcode/version_5_right.jpg in function 'findData'
]]></failure>
    </testcase>
    <testcase name="decode/8" value_param="&quot;version_5_up.jpg&quot;" status="run" time="0" classname="Perf_Objdetect_QRCode">
      <failure message="/home/reshabh/OPENCV/opencv/modules/ts/src/ts_perf.cpp:2012&#x0A;Failed&#x0A;Expected: PerfTestBody() doesn&apos;t throw an exception.&#x0A;  Actual: it throws cv::Exception:&#x0A;  OpenCV(4.0.1-dev) /home/reshabh/OPENCV/opencv/modules/ts/src/ts.cpp:877: error: (-2:Unspecified error) OpenCV tests: Can&apos;t find required data file: cv/qrcode/version_5_up.jpg in function &apos;findData&apos;&#x0A;" type=""><![CDATA[/home/reshabh/OPENCV/opencv/modules/ts/src/ts_perf.cpp:2012
Failed
Expected: PerfTestBody() doesn't throw an exception.
  Actual: it throws cv::Exception:
  OpenCV(4.0.1-dev) /home/reshabh/OPENCV/opencv/modules/ts/src/ts.cpp:877: error: (-2:Unspecified error) OpenCV tests: Can't find required data file: cv/qrcode/version_5_up.jpg in function 'findData'
]]></failure>
    </testcase>
    <testcase name="decode/9" value_param="&quot;version_5_top.jpg&quot;" status="run" time="0" classname="Perf_Objdetect_QRCode">
      <failure message="/home/reshabh/OPENCV/opencv/modules/ts/src/ts_perf.cpp:2012&#x0A;Failed&#x0A;Expected: PerfTestBody() doesn&apos;t throw an exception.&#x0A;  Actual: it throws cv::Exception:&#x0A;  OpenCV(4.0.1-dev) /home/reshabh/OPENCV/opencv/modules/ts/src/ts.cpp:877: error: (-2:Unspecified error) OpenCV tests: Can&apos;t find required data file: cv/qrcode/version_5_top.jpg in function &apos;findData&apos;&#x0A;" type=""><![CDATA[/home/reshabh/OPENCV/opencv/modules/ts/src/ts_perf.cpp:2012
Failed
Expected: PerfTestBody() doesn't throw an exception.
  Actual: it throws cv::Exception:
  OpenCV(4.0.1-dev) /home/reshabh/OPENCV/opencv/modules/ts/src/ts.cpp:877: error: (-2:Unspecified error) OpenCV tests: Can't find required data file: cv/qrcode/version_5_top.jpg in function 'findData'
]]></failure>
    </testcase>
    <testcase name="decode/10" value_param="&quot;russian.jpg&quot;" status="run" time="0" classname="Perf_Objdetect_QRCode">
      <failure message="/home/reshabh/OPENCV/opencv/modules/ts/src/ts_perf.cpp:2012&#x0A;Failed&#x0A;Expected: PerfTestBody() doesn&apos;t throw an exception.&#x0A;  Actual: it throws cv::Exception:&#x0A;  OpenCV(4.0.1-dev) /home/reshabh/OPENCV/opencv/modules/ts/src/ts.cpp:877: error: (-2:Unspecified error) OpenCV tests: Can&apos;t find required data file: cv/qrcode/russian.jpg in function &apos;findData&apos;&#x0A;" type=""><![CDATA[/home/reshabh/OPENCV/opencv/modules/ts/src/ts_perf.cpp:2012
Failed
Expected: PerfTestBody() doesn't throw an exception.
  Actual: it throws cv::Exception:
  OpenCV(4.0.1-dev) /home/reshabh/OPENCV/opencv/modules/ts/src/ts.cpp:877: error: (-2:Unspecified error) OpenCV tests: Can't find required data file: cv/qrcode/russian.jpg in function 'findData'
]]></failure>
    </testcase>
    <testcase name="decode/11" value_param="&quot;kanji.jpg&quot;" status="run" time="0" classname="Perf_Objdetect_QRCode">
      <failure message="/home/reshabh/OPENCV/opencv/modules/ts/src/ts_perf.cpp:2012&#x0A;Failed&#x0A;Expected: PerfTestBody() doesn&apos;t throw an exception.&#x0A;  Actual: it throws cv::Exception:&#x0A;  OpenCV(4.0.1-dev) /home/reshabh/OPENCV/opencv/modules/ts/src/ts.cpp:877: error: (-2:Unspecified error) OpenCV tests: Can&apos;t find required data file: cv/qrcode/kanji.jpg in function &apos;findData&apos;&#x0A;" type=""><![CDATA[/home/reshabh/OPENCV/opencv/modules/ts/src/ts_perf.cpp:2012
Failed
Expected: PerfTestBody() doesn't throw an exception.
  Actual: it throws cv::Exception:
  OpenCV(4.0.1-dev) /home/reshabh/OPENCV/opencv/modules/ts/src/ts.cpp:877: error: (-2:Unspecified error) OpenCV tests: Can't find required data file: cv/qrcode/kanji.jpg in function 'findData'
]]></failure>
    </testcase>
    <testcase name="decode/12" value_param="&quot;link_github_ocv.jpg&quot;" status="run" time="0" classname="Perf_Objdetect_QRCode">
      <failure message="/home/reshabh/OPENCV/opencv/modules/ts/src/ts_perf.cpp:2012&#x0A;Failed&#x0A;Expected: PerfTestBody() doesn&apos;t throw an exception.&#x0A;  Actual: it throws cv::Exception:&#x0A;  OpenCV(4.0.1-dev) /home/reshabh/OPENCV/opencv/modules/ts/src/ts.cpp:877: error: (-2:Unspecified error) OpenCV tests: Can&apos;t find required data file: cv/qrcode/link_github_ocv.jpg in function &apos;findData&apos;&#x0A;" type=""><![CDATA[/home/reshabh/OPENCV/opencv/modules/ts/src/ts_perf.cpp:2012
Failed
Expected: PerfTestBody() doesn't throw an exception.
  Actual: it throws cv::Exception:
  OpenCV(4.0.1-dev) /home/reshabh/OPENCV/opencv/modules/ts/src/ts.cpp:877: error: (-2:Unspecified error) OpenCV tests: Can't find required data file: cv/qrcode/link_github_ocv.jpg in function 'findData'
]]></failure>
    </testcase>
    <testcase name="decode/13" value_param="&quot;link_ocv.jpg&quot;" status="run" time="0" classname="Perf_Objdetect_QRCode">
      <failure message="/home/reshabh/OPENCV/opencv/modules/ts/src/ts_perf.cpp:2012&#x0A;Failed&#x0A;Expected: PerfTestBody() doesn&apos;t throw an exception.&#x0A;  Actual: it throws cv::Exception:&#x0A;  OpenCV(4.0.1-dev) /home/reshabh/OPENCV/opencv/modules/ts/src/ts.cpp:877: error: (-2:Unspecified error) OpenCV tests: Can&apos;t find required data file: cv/qrcode/link_ocv.jpg in function &apos;findData&apos;&#x0A;" type=""><![CDATA[/home/reshabh/OPENCV/opencv/modules/ts/src/ts_perf.cpp:2012
Failed
Expected: PerfTestBody() doesn't throw an exception.
  Actual: it throws cv::Exception:
  OpenCV(4.0.1-dev) /home/reshabh/OPENCV/opencv/modules/ts/src/ts.cpp:877: error: (-2:Unspecified error) OpenCV tests: Can't find required data file: cv/qrcode/link_ocv.jpg in function 'findData'
]]></failure>
    </testcase>
    <testcase name="decode/14" value_param="&quot;link_wiki_cv.jpg&quot;" status="run" time="0" classname="Perf_Objdetect_QRCode">
      <failure message="/home/reshabh/OPENCV/opencv/modules/ts/src/ts_perf.cpp:2012&#x0A;Failed&#x0A;Expected: PerfTestBody() doesn&apos;t throw an exception.&#x0A;  Actual: it throws cv::Exception:&#x0A;  OpenCV(4.0.1-dev) /home/reshabh/OPENCV/opencv/modules/ts/src/ts.cpp:877: error: (-2:Unspecified error) OpenCV tests: Can&apos;t find required data file: cv/qrcode/link_wiki_cv.jpg in function &apos;findData&apos;&#x0A;" type=""><![CDATA[/home/reshabh/OPENCV/opencv/modules/ts/src/ts_perf.cpp:2012
Failed
Expected: PerfTestBody() doesn't throw an exception.
  Actual: it throws cv::Exception:
  OpenCV(4.0.1-dev) /home/reshabh/OPENCV/opencv/modules/ts/src/ts.cpp:877: error: (-2:Unspecified error) OpenCV tests: Can't find required data file: cv/qrcode/link_wiki_cv.jpg in function 'findData'
]]></failure>
    </testcase>
  </testsuite>
  <testsuite name="Perf_Objdetect_Not_QRCode" tests="24" failures="0" disabled="0" errors="0" time="16.735">
    <testcase name="detect/0" value_param="(&quot;zero&quot;, 640x480)" status="run" time="0.072" classname="Perf_Objdetect_Not_QRCode">
<properties>
<property name="bytesIn" value="0"/>
<property name="bytesOut" value="0"/>
<property name="term" value="-1"/>
<property name="samples" value="10"/>
<property name="outliers" value="0"/>
<property name="frequency" value="1000000000"/>
<property name="min" value="7051964"/>
<property name="median" value="7063406"/>
<property name="gmean" value="7131021"/>
<property name="gstddev" value="0.028553"/>
<property name="mean" value="7133701"/>
<property name="stddev" value="211091"/>
</properties>
    </testcase>
    <testcase name="detect/1" value_param="(&quot;zero&quot;, 1280x720)" status="run" time="0.195" classname="Perf_Objdetect_Not_QRCode">
<properties>
<property name="bytesIn" value="0"/>
<property name="bytesOut" value="0"/>
<property name="term" value="-1"/>
<property name="samples" value="10"/>
<property name="outliers" value="0"/>
<property name="frequency" value="1000000000"/>
<property name="min" value="19454700"/>
<property name="median" value="19483482"/>
<property name="gmean" value="19572109"/>
<property name="gstddev" value="0.013942"/>
<property name="mean" value="19573840"/>
<property name="stddev" value="277642"/>
</properties>
    </testcase>
    <testcase name="detect/2" value_param="(&quot;zero&quot;, 1920x1080)" status="run" time="0.453" classname="Perf_Objdetect_Not_QRCode">
<properties>
<property name="bytesIn" value="0"/>
<property name="bytesOut" value="0"/>
<property name="term" value="-1"/>
<property name="samples" value="10"/>
<property name="outliers" value="0"/>
<property name="frequency" value="1000000000"/>
<property name="min" value="45146277"/>
<property name="median" value="45179423"/>
<property name="gmean" value="45317275"/>
<property name="gstddev" value="0.007877"/>
<property name="mean" value="45318548"/>
<property name="stddev" value="360274"/>
</properties>
    </testcase>
    <testcase name="detect/3" value_param="(&quot;zero&quot;, 3840x2160)" status="run" time="1.851" classname="Perf_Objdetect_Not_QRCode">
<properties>
<property name="bytesIn" value="0"/>
<property name="bytesOut" value="0"/>
<property name="term" value="-1"/>
<property name="samples" value="10"/>
<property name="outliers" value="0"/>
<property name="frequency" value="1000000000"/>
<property name="min" value="183681075"/>
<property name="median" value="183849148"/>
<property name="gmean" value="185042754"/>
<property name="gstddev" value="0.014763"/>
<property name="mean" value="185061048"/>
<property name="stddev" value="2764747"/>
</properties>
    </testcase>
    <testcase name="detect/4" value_param="(&quot;random&quot;, 640x480)" status="run" time="0.071" classname="Perf_Objdetect_Not_QRCode">
<properties>
<property name="bytesIn" value="0"/>
<property name="bytesOut" value="0"/>
<property name="term" value="-1"/>
<property name="samples" value="10"/>
<property name="outliers" value="0"/>
<property name="frequency" value="1000000000"/>
<property name="min" value="7058562"/>
<property name="median" value="7064826"/>
<property name="gmean" value="7076035"/>
<property name="gstddev" value="0.005275"/>
<property name="mean" value="7076124"/>
<property name="stddev" value="37569"/>
</properties>
    </testcase>
    <testcase name="detect/5" value_param="(&quot;random&quot;, 1280x720)" status="run" time="0.196" classname="Perf_Objdetect_Not_QRCode">
<properties>
<property name="bytesIn" value="0"/>
<property name="bytesOut" value="0"/>
<property name="term" value="-1"/>
<property name="samples" value="10"/>
<property name="outliers" value="0"/>
<property name="frequency" value="1000000000"/>
<property name="min" value="19447260"/>
<property name="median" value="19478061"/>
<property name="gmean" value="19496003"/>
<property name="gstddev" value="0.003086"/>
<property name="mean" value="19496087"/>
<property name="stddev" value="60360"/>
</properties>
    </testcase>
    <testcase name="detect/6" value_param="(&quot;random&quot;, 1920x1080)" status="run" time="0.455" classname="Perf_Objdetect_Not_QRCode">
<properties>
<property name="bytesIn" value="0"/>
<property name="bytesOut" value="0"/>
<property name="term" value="-1"/>
<property name="samples" value="10"/>
<property name="outliers" value="0"/>
<property name="frequency" value="1000000000"/>
<property name="min" value="45262332"/>
<property name="median" value="45280559"/>
<property name="gmean" value="45294592"/>
<property name="gstddev" value="0.000827"/>
<property name="mean" value="45294606"/>
<property name="stddev" value="37482"/>
</properties>
    </testcase>
    <testcase name="detect/7" value_param="(&quot;random&quot;, 3840x2160)" status="run" time="1.837" classname="Perf_Objdetect_Not_QRCode">
<properties>
<property name="bytesIn" value="0"/>
<property name="bytesOut" value="0"/>
<property name="term" value="-1"/>
<property name="samples" value="10"/>
<property name="outliers" value="0"/>
<property name="frequency" value="1000000000"/>
<property name="min" value="182811752"/>
<property name="median" value="183071463"/>
<property name="gmean" value="183113498"/>
<property name="gstddev" value="0.001545"/>
<property name="mean" value="183113694"/>
<property name="stddev" value="283199"/>
</properties>
    </testcase>
    <testcase name="detect/8" value_param="(&quot;chessboard&quot;, 640x480)" status="run" time="0.155" classname="Perf_Objdetect_Not_QRCode">
<properties>
<property name="bytesIn" value="0"/>
<property name="bytesOut" value="0"/>
<property name="term" value="-1"/>
<property name="samples" value="10"/>
<property name="outliers" value="0"/>
<property name="frequency" value="1000000000"/>
<property name="min" value="15299073"/>
<property name="median" value="15357424"/>
<property name="gmean" value="15362912"/>
<property name="gstddev" value="0.002952"/>
<property name="mean" value="15362972"/>
<property name="stddev" value="45396"/>
</properties>
    </testcase>
    <testcase name="detect/9" value_param="(&quot;chessboard&quot;, 1280x720)" status="run" time="0.27" classname="Perf_Objdetect_Not_QRCode">
<properties>
<property name="bytesIn" value="0"/>
<property name="bytesOut" value="0"/>
<property name="term" value="-1"/>
<property name="samples" value="10"/>
<property name="outliers" value="0"/>
<property name="frequency" value="1000000000"/>
<property name="min" value="26640044"/>
<property name="median" value="26684044"/>
<property name="gmean" value="26722035"/>
<property name="gstddev" value="0.004104"/>
<property name="mean" value="26722238"/>
<property name="stddev" value="109992"/>
</properties>
    </testcase>
    <testcase name="detect/10" value_param="(&quot;chessboard&quot;, 1920x1080)" status="run" time="0.621" classname="Perf_Objdetect_Not_QRCode">
<properties>
<property name="bytesIn" value="0"/>
<property name="bytesOut" value="0"/>
<property name="term" value="-1"/>
<property name="samples" value="10"/>
<property name="outliers" value="0"/>
<property name="frequency" value="1000000000"/>
<property name="min" value="61419672"/>
<property name="median" value="61458066"/>
<property name="gmean" value="61469841"/>
<property name="gstddev" value="0.000639"/>
<property name="mean" value="61469852"/>
<property name="stddev" value="39284"/>
</properties>
    </testcase>
    <testcase name="detect/11" value_param="(&quot;chessboard&quot;, 3840x2160)" status="run" time="2.504" classname="Perf_Objdetect_Not_QRCode">
<properties>
<property name="bytesIn" value="0"/>
<property name="bytesOut" value="0"/>
<property name="term" value="-1"/>
<property name="samples" value="10"/>
<property name="outliers" value="0"/>
<property name="frequency" value="1000000000"/>
<property name="min" value="247288921"/>
<property name="median" value="247653799"/>
<property name="gmean" value="247655682"/>
<property name="gstddev" value="0.000707"/>
<property name="mean" value="247655738"/>
<property name="stddev" value="175118"/>
</properties>
    </testcase>
    <testcase name="decode/0" value_param="(&quot;zero&quot;, 640x480)" status="run" time="0.088" classname="Perf_Objdetect_Not_QRCode">
<properties>
<property name="bytesIn" value="0"/>
<property name="bytesOut" value="0"/>
<property name="term" value="-1"/>
<property name="samples" value="10"/>
<property name="outliers" value="0"/>
<property name="frequency" value="1000000000"/>
<property name="min" value="8790305"/>
<property name="median" value="8796956"/>
<property name="gmean" value="8828069"/>
<property name="gstddev" value="0.009062"/>
<property name="mean" value="8828397"/>
<property name="stddev" value="80819"/>
</properties>
    </testcase>
    <testcase name="decode/1" value_param="(&quot;zero&quot;, 1280x720)" status="run" time="0.229" classname="Perf_Objdetect_Not_QRCode">
<properties>
<property name="bytesIn" value="0"/>
<property name="bytesOut" value="0"/>
<property name="term" value="-1"/>
<property name="samples" value="10"/>
<property name="outliers" value="0"/>
<property name="frequency" value="1000000000"/>
<property name="min" value="22753294"/>
<property name="median" value="22790837"/>
<property name="gmean" value="22802434"/>
<property name="gstddev" value="0.002309"/>
<property name="mean" value="22802488"/>
<property name="stddev" value="52746"/>
</properties>
    </testcase>
    <testcase name="decode/2" value_param="(&quot;zero&quot;, 1920x1080)" status="run" time="0.483" classname="Perf_Objdetect_Not_QRCode">
<properties>
<property name="bytesIn" value="0"/>
<property name="bytesOut" value="0"/>
<property name="term" value="-1"/>
<property name="samples" value="10"/>
<property name="outliers" value="0"/>
<property name="frequency" value="1000000000"/>
<property name="min" value="48248081"/>
<property name="median" value="48310388"/>
<property name="gmean" value="48307065"/>
<property name="gstddev" value="0.000575"/>
<property name="mean" value="48307073"/>
<property name="stddev" value="27780"/>
</properties>
    </testcase>
    <testcase name="decode/3" value_param="(&quot;zero&quot;, 3840x2160)" status="run" time="1.853" classname="Perf_Objdetect_Not_QRCode">
<properties>
<property name="bytesIn" value="0"/>
<property name="bytesOut" value="0"/>
<property name="term" value="-1"/>
<property name="samples" value="10"/>
<property name="outliers" value="0"/>
<property name="frequency" value="1000000000"/>
<property name="min" value="184612140"/>
<property name="median" value="184720506"/>
<property name="gmean" value="184991240"/>
<property name="gstddev" value="0.004108"/>
<property name="mean" value="184992650"/>
<property name="stddev" value="763827"/>
</properties>
    </testcase>
    <testcase name="decode/4" value_param="(&quot;random&quot;, 640x480)" status="run" time="0.089" classname="Perf_Objdetect_Not_QRCode">
<properties>
<property name="bytesIn" value="0"/>
<property name="bytesOut" value="0"/>
<property name="term" value="-1"/>
<property name="samples" value="10"/>
<property name="outliers" value="0"/>
<property name="frequency" value="1000000000"/>
<property name="min" value="8741960"/>
<property name="median" value="8746284"/>
<property name="gmean" value="8809097"/>
<property name="gstddev" value="0.020408"/>
<property name="mean" value="8810776"/>
<property name="stddev" value="184437"/>
</properties>
    </testcase>
    <testcase name="decode/5" value_param="(&quot;random&quot;, 1280x720)" status="run" time="0.23" classname="Perf_Objdetect_Not_QRCode">
<properties>
<property name="bytesIn" value="0"/>
<property name="bytesOut" value="0"/>
<property name="term" value="-1"/>
<property name="samples" value="10"/>
<property name="outliers" value="0"/>
<property name="frequency" value="1000000000"/>
<property name="min" value="22771618"/>
<property name="median" value="22808609"/>
<property name="gmean" value="22910182"/>
<property name="gstddev" value="0.013509"/>
<property name="mean" value="22912084"/>
<property name="stddev" value="314741"/>
</properties>
    </testcase>
    <testcase name="decode/6" value_param="(&quot;random&quot;, 1920x1080)" status="run" time="0.487" classname="Perf_Objdetect_Not_QRCode">
<properties>
<property name="bytesIn" value="0"/>
<property name="bytesOut" value="0"/>
<property name="term" value="-1"/>
<property name="samples" value="10"/>
<property name="outliers" value="0"/>
<property name="frequency" value="1000000000"/>
<property name="min" value="48407811"/>
<property name="median" value="48436905"/>
<property name="gmean" value="48569803"/>
<property name="gstddev" value="0.008803"/>
<property name="mean" value="48571510"/>
<property name="stddev" value="432339"/>
</properties>
    </testcase>
    <testcase name="decode/7" value_param="(&quot;random&quot;, 3840x2160)" status="run" time="1.865" classname="Perf_Objdetect_Not_QRCode">
<properties>
<property name="bytesIn" value="0"/>
<property name="bytesOut" value="0"/>
<property name="term" value="-1"/>
<property name="samples" value="10"/>
<property name="outliers" value="0"/>
<property name="frequency" value="1000000000"/>
<property name="min" value="184678855"/>
<property name="median" value="184813612"/>
<property name="gmean" value="185596330"/>
<property name="gstddev" value="0.013778"/>
<property name="mean" value="185612372"/>
<property name="stddev" value="2602272"/>
</properties>
    </testcase>
    <testcase name="decode/8" value_param="(&quot;chessboard&quot;, 640x480)" status="run" time="0.099" classname="Perf_Objdetect_Not_QRCode">
<properties>
<property name="bytesIn" value="0"/>
<property name="bytesOut" value="0"/>
<property name="term" value="-1"/>
<property name="samples" value="10"/>
<property name="outliers" value="0"/>
<property name="frequency" value="1000000000"/>
<property name="min" value="9637318"/>
<property name="median" value="9644918"/>
<property name="gmean" value="9711115"/>
<property name="gstddev" value="0.019699"/>
<property name="mean" value="9712839"/>
<property name="stddev" value="196021"/>
</properties>
    </testcase>
    <testcase name="decode/9" value_param="(&quot;chessboard&quot;, 1280x720)" status="run" time="0.239" classname="Perf_Objdetect_Not_QRCode">
<properties>
<property name="bytesIn" value="0"/>
<property name="bytesOut" value="0"/>
<property name="term" value="-1"/>
<property name="samples" value="10"/>
<property name="outliers" value="0"/>
<property name="frequency" value="1000000000"/>
<property name="min" value="23466138"/>
<property name="median" value="23495990"/>
<property name="gmean" value="23621254"/>
<property name="gstddev" value="0.013954"/>
<property name="mean" value="23623347"/>
<property name="stddev" value="335118"/>
</properties>
    </testcase>
    <testcase name="decode/10" value_param="(&quot;chessboard&quot;, 1920x1080)" status="run" time="0.5" classname="Perf_Objdetect_Not_QRCode">
<properties>
<property name="bytesIn" value="0"/>
<property name="bytesOut" value="0"/>
<property name="term" value="-1"/>
<property name="samples" value="10"/>
<property name="outliers" value="0"/>
<property name="frequency" value="1000000000"/>
<property name="min" value="49160479"/>
<property name="median" value="49218036"/>
<property name="gmean" value="49371647"/>
<property name="gstddev" value="0.009986"/>
<property name="mean" value="49373881"/>
<property name="stddev" value="499226"/>
</properties>
    </testcase>
    <testcase name="decode/11" value_param="(&quot;chessboard&quot;, 3840x2160)" status="run" time="1.892" classname="Perf_Objdetect_Not_QRCode">
<properties>
<property name="bytesIn" value="0"/>
<property name="bytesOut" value="0"/>
<property name="term" value="-1"/>
<property name="samples" value="10"/>
<property name="outliers" value="0"/>
<property name="frequency" value="1000000000"/>
<property name="min" value="185589494"/>
<property name="median" value="185696431"/>
<property name="gmean" value="186501734"/>
<property name="gstddev" value="0.013737"/>
<property name="mean" value="186517756"/>
<property name="stddev" value="2606998"/>
</properties>
    </testcase>
  </testsuite>
</testsuites>
